<?xml version="1.0" encoding="UTF-8"?>
<!-- Generated by org.testng.reporters.JUnitReportReporter -->
<testsuite hostname="DESKTOP-FTHOGM6" failures="0" tests="2" name="testcase.TrainingTest" time="25.810" errors="0" timestamp="2023-12-26T12:26:06 IST" skipped="0">
  <testcase classname="testcase.TrainingTest" name="traning_test_nodata" time="13.515"/>
  <system-out/>
  <testcase classname="testcase.TrainingTest" name="traning_test" time="12.295"/>
  <system-out/>
</testsuite> <!-- testcase.TrainingTest -->
