<?xml version="1.0" encoding="UTF-8"?>
<!-- Generated by org.testng.reporters.JUnitReportReporter -->
<testsuite hostname="DESKTOP-FTHOGM6" failures="0" tests="3" name="testcase.OrganisationTests" time="43.641" errors="0" timestamp="2023-12-26T12:26:06 IST" skipped="0">
  <testcase classname="testcase.OrganisationTests" name="OrganisationTest_missingFeilds" time="14.478"/>
  <system-out/>
  <testcase classname="testcase.OrganisationTests" name="OrganisationTest_only_name" time="13.517"/>
  <system-out/>
  <testcase classname="testcase.OrganisationTests" name="OrganisationTest" time="15.646"/>
  <system-out/>
</testsuite> <!-- testcase.OrganisationTests -->
