<?xml version="1.0" encoding="UTF-8"?>
<!-- Generated by org.testng.reporters.JUnitReportReporter -->
<testsuite hostname="DESKTOP-FTHOGM6" failures="0" tests="1" name="testcase.AssetTests" time="29.229" errors="0" timestamp="2023-12-26T22:36:41 IST" skipped="0">
  <testcase classname="testcase.AssetTests" name="ValidateAssetIsNotAdded" time="29.229"/>
  <system-out/>
</testsuite> <!-- testcase.AssetTests -->
