<?xml version="1.0" encoding="UTF-8"?>
<!-- Generated by org.testng.reporters.JUnitReportReporter -->
<testsuite hostname="DESKTOP-FTHOGM6" failures="0" tests="4" name="testcase.EmployeeTest" time="55.792" errors="0" timestamp="2023-12-26T12:26:06 IST" skipped="0">
  <testcase classname="testcase.EmployeeTest" name="employee_skipped_employeeId" time="13.139"/>
  <system-out/>
  <testcase classname="testcase.EmployeeTest" name="employee_skipped_lastname" time="15.856"/>
  <system-out/>
  <testcase classname="testcase.EmployeeTest" name="employee_blank_details" time="12.054"/>
  <system-out/>
  <testcase classname="testcase.EmployeeTest" name="EmployeeDetails" time="14.743"/>
  <system-out/>
</testsuite> <!-- testcase.EmployeeTest -->
