<?xml version="1.0" encoding="UTF-8"?>
<!-- Generated by org.testng.reporters.JUnitReportReporter -->
<testsuite hostname="DESKTOP-FTHOGM6" failures="0" tests="2" name="testcase.TicketsTest" time="22.333" errors="0" timestamp="2023-12-26T12:26:06 IST" skipped="0">
  <testcase classname="testcase.TicketsTest" name="tickets_test_incomplete_data" time="12.019"/>
  <system-out/>
  <testcase classname="testcase.TicketsTest" name="tickets_test" time="10.314"/>
  <system-out/>
</testsuite> <!-- testcase.TicketsTest -->
