<?xml version="1.0" encoding="UTF-8"?>
<!-- Generated by org.testng.reporters.JUnitReportReporter -->
<testsuite hostname="DESKTOP-FTHOGM6" failures="0" tests="1" name="testcase.AssetTests" time="34.366" errors="0" timestamp="2023-12-18T18:26:17 IST" skipped="0">
  <testcase classname="testcase.AssetTests" name="AssetTest" time="34.366"/>
  <system-out/>
</testsuite> <!-- testcase.AssetTests -->
