<?xml version="1.0" encoding="UTF-8"?>
<!-- Generated by org.testng.reporters.JUnitReportReporter -->
<testsuite hostname="DESKTOP-FTHOGM6" failures="0" tests="4" name="testcase.LoginTests" time="21.454" errors="0" timestamp="2023-12-17T12:03:42 IST" skipped="0">
  <testcase classname="testcase.LoginTests" name="Valid_LoginTest" time="8.320"/>
  <system-out/>
  <testcase classname="testcase.LoginTests" name="Invalid_Username_Test" time="4.820"/>
  <system-out/>
  <testcase classname="testcase.LoginTests" name="Invalid_Password_Test" time="3.507"/>
  <system-out/>
  <testcase classname="testcase.LoginTests" name="Invalid_LoginTest" time="4.807"/>
  <system-out/>
</testsuite> <!-- testcase.LoginTests -->
