<?xml version="1.0" encoding="UTF-8"?>
<!-- Generated by org.testng.reporters.JUnitReportReporter -->
<testsuite hostname="DESKTOP-FTHOGM6" failures="0" tests="4" name="testcase.EmployeeTest" time="36.765" errors="0" timestamp="2023-12-18T17:58:58 IST" skipped="0">
  <testcase classname="testcase.EmployeeTest" name="employee_skipped_employeeId" time="10.225"/>
  <system-out/>
  <testcase classname="testcase.EmployeeTest" name="employee_skipped_lastname" time="7.977"/>
  <system-out/>
  <testcase classname="testcase.EmployeeTest" name="employee_blank_details" time="6.967"/>
  <system-out/>
  <testcase classname="testcase.EmployeeTest" name="employee_details" time="11.596"/>
  <system-out/>
</testsuite> <!-- testcase.EmployeeTest -->
