<?xml version="1.0" encoding="UTF-8"?>
<!-- Generated by org.testng.reporters.JUnitReportReporter -->
<testsuite hostname="DESKTOP-FTHOGM6" failures="0" tests="2" name="testcase.TrainingTest" time="18.024" errors="0" timestamp="2023-12-26T22:36:41 IST" skipped="0">
  <testcase classname="testcase.TrainingTest" name="savingTheTrainingTypeWithoutPassingAnyDataInTheFeilds" time="7.868"/>
  <system-out/>
  <testcase classname="testcase.TrainingTest" name="savingTrainingTestDtailsByPassingAllTheDatas" time="10.156"/>
  <system-out/>
</testsuite> <!-- testcase.TrainingTest -->
