<?xml version="1.0" encoding="UTF-8"?>
<!-- Generated by org.testng.reporters.JUnitReportReporter -->
<testsuite hostname="DESKTOP-FTHOGM6" failures="0" tests="1" name="testcase.AttendanceTest" time="12.575" errors="0" timestamp="2023-12-26T12:26:06 IST" skipped="0">
  <testcase classname="testcase.AttendanceTest" name="ValidateAttendanceBasedOnDate" time="12.575"/>
  <system-out/>
</testsuite> <!-- testcase.AttendanceTest -->
