<?xml version="1.0" encoding="UTF-8"?>
<!-- Generated by org.testng.reporters.JUnitReportReporter -->
<testsuite hostname="DESKTOP-FTHOGM6" failures="0" tests="1" name="testcase.AttendanceTest" time="12.302" errors="0" timestamp="2023-12-18T14:37:12 IST" skipped="0">
  <testcase classname="testcase.AttendanceTest" name="Attendance" time="12.302"/>
  <system-out/>
</testsuite> <!-- testcase.AttendanceTest -->
