<?xml version="1.0" encoding="UTF-8"?>
<!-- Generated by org.testng.reporters.JUnitReportReporter -->
<testsuite hostname="DESKTOP-FTHOGM6" failures="0" tests="2" name="testcase.EmployeeTest" time="15.304" errors="0" timestamp="2023-12-14T15:25:03 IST" skipped="0">
  <testcase classname="testcase.EmployeeTest" name="EmployeeDetails" time="11.926"/>
  <system-out/>
  <testcase classname="testcase.EmployeeTest" name="LoginTest" time="3.378"/>
  <system-out/>
</testsuite> <!-- testcase.EmployeeTest -->
