<?xml version="1.0" encoding="UTF-8"?>
<!-- Generated by org.testng.reporters.JUnitReportReporter -->
<testsuite hostname="DESKTOP-FTHOGM6" failures="0" tests="1" name="testcase.StaffTest" time="10.386" errors="0" timestamp="2023-12-26T22:36:41 IST" skipped="0">
  <testcase classname="testcase.StaffTest" name="savingRolesAndPrivilagesOfStaff" time="10.386"/>
  <system-out/>
</testsuite> <!-- testcase.StaffTest -->
