<?xml version="1.0" encoding="UTF-8"?>
<!-- Generated by org.testng.reporters.JUnitReportReporter -->
<testsuite hostname="DESKTOP-FTHOGM6" failures="0" tests="1" name="testcase.AssetTests" time="37.424" errors="0" timestamp="2023-12-26T12:26:06 IST" skipped="0">
  <testcase classname="testcase.AssetTests" name="ValidateAssetIsAdded" time="37.424"/>
  <system-out/>
</testsuite> <!-- testcase.AssetTests -->
