<?xml version="1.0" encoding="UTF-8"?>
<!-- Generated by org.testng.reporters.JUnitReportReporter -->
<testsuite hostname="DESKTOP-FTHOGM6" failures="0" tests="1" name="testcase.SignoutTest" time="5.856" errors="0" timestamp="2023-12-26T22:36:41 IST" skipped="0">
  <testcase classname="testcase.SignoutTest" name="Signout" time="5.856"/>
  <system-out/>
</testsuite> <!-- testcase.SignoutTest -->
