<?xml version="1.0" encoding="UTF-8"?>
<!-- Generated by org.testng.reporters.JUnitReportReporter -->
<testsuite hostname="DESKTOP-FTHOGM6" failures="0" tests="4" name="testcase.LoginTests" time="23.255" errors="0" timestamp="2023-12-19T20:58:18 IST" skipped="0">
  <testcase classname="testcase.LoginTests" name="Valid_LoginTest" time="8.826"/>
  <system-out/>
  <testcase classname="testcase.LoginTests" name="Invalid_Username_Test" time="3.606"/>
  <system-out/>
  <testcase classname="testcase.LoginTests" name="Invalid_Password_Test" time="7.141"/>
  <system-out/>
  <testcase classname="testcase.LoginTests" name="Invalid_LoginTest" time="3.682"/>
  <system-out/>
</testsuite> <!-- testcase.LoginTests -->
