<?xml version="1.0" encoding="UTF-8"?>
<!-- Generated by org.testng.reporters.JUnitReportReporter -->
<testsuite hostname="DESKTOP-FTHOGM6" failures="0" tests="3" name="testcase.OrganisationTests" time="21.518" errors="0" timestamp="2023-12-26T22:36:41 IST" skipped="0">
  <testcase classname="testcase.OrganisationTests" name="savingOrganisationTestWithoutPassingAnuData" time="6.616"/>
  <system-out/>
  <testcase classname="testcase.OrganisationTests" name="savingOrganisationTestByPassingOnlyNameData" time="7.672"/>
  <system-out/>
  <testcase classname="testcase.OrganisationTests" name="savingOrganisationTestByPassingAllTheDatas" time="7.230"/>
  <system-out/>
</testsuite> <!-- testcase.OrganisationTests -->
