<?xml version="1.0" encoding="UTF-8"?>
<!-- Generated by org.testng.reporters.JUnitReportReporter -->
<testsuite hostname="DESKTOP-FTHOGM6" failures="0" tests="2" name="testcase.AttendanceTest" time="12.527" errors="0" timestamp="2023-12-14T15:25:03 IST" skipped="0">
  <testcase classname="testcase.AttendanceTest" name="Attendance" time="9.832"/>
  <system-out/>
  <testcase classname="testcase.AttendanceTest" name="LoginTest" time="2.695"/>
  <system-out/>
</testsuite> <!-- testcase.AttendanceTest -->
