<?xml version="1.0" encoding="UTF-8"?>
<!-- Generated by org.testng.reporters.JUnitReportReporter -->
<testsuite hostname="DESKTOP-FTHOGM6" failures="0" tests="2" name="testcase.OrganisationTests" time="25.829" errors="0" timestamp="2023-12-14T15:25:03 IST" skipped="0">
  <testcase classname="testcase.OrganisationTests" name="OrganisationTest" time="21.685"/>
  <system-out/>
  <testcase classname="testcase.OrganisationTests" name="LoginTest" time="4.144"/>
  <system-out/>
</testsuite> <!-- testcase.OrganisationTests -->
