<?xml version="1.0" encoding="UTF-8"?>
<!-- Generated by org.testng.reporters.JUnitReportReporter -->
<testsuite hostname="DESKTOP-FTHOGM6" failures="0" tests="4" name="testcase.EmployeeTest" time="47.461" errors="0" timestamp="2023-12-19T21:01:23 IST" skipped="0">
  <testcase classname="testcase.EmployeeTest" name="employee_skipped_employeeId" time="11.892"/>
  <system-out/>
  <testcase classname="testcase.EmployeeTest" name="employee_skipped_lastname" time="13.382"/>
  <system-out/>
  <testcase classname="testcase.EmployeeTest" name="employee_blank_details" time="8.449"/>
  <system-out/>
  <testcase classname="testcase.EmployeeTest" name="employee_details" time="13.738"/>
  <system-out/>
</testsuite> <!-- testcase.EmployeeTest -->
