<?xml version="1.0" encoding="UTF-8"?>
<!-- Generated by org.testng.reporters.JUnitReportReporter -->
<testsuite hostname="DESKTOP-FTHOGM6" failures="0" tests="3" name="testcase.OrganisationTests" time="30.131" errors="0" timestamp="2023-12-17T13:05:40 IST" skipped="0">
  <testcase classname="testcase.OrganisationTests" name="OrganisationTest_missingFeilds" time="9.783"/>
  <system-out/>
  <testcase classname="testcase.OrganisationTests" name="OrganisationTest_only_name" time="9.595"/>
  <system-out/>
  <testcase classname="testcase.OrganisationTests" name="OrganisationTest" time="10.753"/>
  <system-out/>
</testsuite> <!-- testcase.OrganisationTests -->
