<?xml version="1.0" encoding="UTF-8"?>
<!-- Generated by org.testng.reporters.JUnitReportReporter -->
<testsuite hostname="DESKTOP-FTHOGM6" failures="0" tests="2" name="testcase.TicketsTest" time="67.537" errors="0" timestamp="2023-12-18T20:59:00 IST" skipped="0">
  <testcase classname="testcase.TicketsTest" name="tickets_test_incomplete_data" time="55.766"/>
  <system-out/>
  <testcase classname="testcase.TicketsTest" name="tickets_test" time="11.771"/>
  <system-out/>
</testsuite> <!-- testcase.TicketsTest -->
