<?xml version="1.0" encoding="UTF-8"?>
<!-- Generated by org.testng.reporters.JUnitReportReporter -->
<testsuite hostname="DESKTOP-FTHOGM6" failures="0" tests="1" name="testcase.FileManagerTest" time="30.156" errors="0" timestamp="2023-12-26T12:26:06 IST" skipped="0">
  <testcase classname="testcase.FileManagerTest" name="FileUploadTest" time="30.156"/>
  <system-out/>
</testsuite> <!-- testcase.FileManagerTest -->
