<?xml version="1.0" encoding="UTF-8"?>
<!-- Generated by org.testng.reporters.JUnitReportReporter -->
<testsuite hostname="DESKTOP-FTHOGM6" failures="0" tests="1" name="testcase.StaffTest" time="13.758" errors="0" timestamp="2023-12-26T12:26:06 IST" skipped="0">
  <testcase classname="testcase.StaffTest" name="tickets_test" time="13.758"/>
  <system-out/>
</testsuite> <!-- testcase.StaffTest -->
