<?xml version="1.0" encoding="UTF-8"?>
<!-- Generated by org.testng.reporters.JUnitReportReporter -->
<testsuite hostname="DESKTOP-FTHOGM6" failures="0" tests="3" name="testcase.AssetTests" time="53.378" errors="0" timestamp="2023-12-14T15:25:03 IST" skipped="1">
  <testcase classname="testcase.AssetTests" name="AssetTest" time="44.416"/>
  <system-out/>
  <testcase classname="testcase.AssetTests" name="LoginTest" time="6.050">
    <skipped/>
  </testcase> <!-- LoginTest -->
  <system-out/>
  <testcase classname="testcase.AssetTests" name="LoginTest" time="2.912"/>
  <system-out/>
</testsuite> <!-- testcase.AssetTests -->
