<?xml version="1.0" encoding="UTF-8"?>
<!-- Generated by org.testng.reporters.JUnitReportReporter -->
<testsuite hostname="DESKTOP-FTHOGM6" failures="0" tests="2" name="testcase.TicketsTest" time="20.932" errors="0" timestamp="2023-12-26T17:54:14 IST" skipped="0">
  <testcase classname="testcase.TicketsTest" name="tickets_test_incomplete_data" time="11.223"/>
  <system-out/>
  <testcase classname="testcase.TicketsTest" name="tickets_test" time="9.709"/>
  <system-out/>
</testsuite> <!-- testcase.TicketsTest -->
