<?xml version="1.0" encoding="UTF-8"?>
<!-- Generated by org.testng.reporters.JUnitReportReporter -->
<testsuite hostname="DESKTOP-FTHOGM6" failures="0" tests="4" name="testcase.EmployeeTest" time="35.519" errors="0" timestamp="2023-12-26T22:36:41 IST" skipped="0">
  <testcase classname="testcase.EmployeeTest" name="verifyEmployeeDetailsByPassingFirstTwoDatas" time="6.913"/>
  <system-out/>
  <testcase classname="testcase.EmployeeTest" name="verifyEmployeeDetailsByPAssingOnlyTheFirstName" time="9.662"/>
  <system-out/>
  <testcase classname="testcase.EmployeeTest" name="verifyEmployeeDetailsWithoutPassingAnyData" time="7.440"/>
  <system-out/>
  <testcase classname="testcase.EmployeeTest" name="veriftEmployeeDetailsByPassingAllTheDatas" time="11.504"/>
  <system-out/>
</testsuite> <!-- testcase.EmployeeTest -->
