<?xml version="1.0" encoding="UTF-8"?>
<!-- Generated by org.testng.reporters.JUnitReportReporter -->
<testsuite hostname="DESKTOP-FTHOGM6" failures="0" tests="2" name="testcase.TicketsTest" time="15.972" errors="0" timestamp="2023-12-26T22:36:41 IST" skipped="0">
  <testcase classname="testcase.TicketsTest" name="issuingTicketsToStaff" time="7.982"/>
  <system-out/>
  <testcase classname="testcase.TicketsTest" name="tickets_test" time="7.990"/>
  <system-out/>
</testsuite> <!-- testcase.TicketsTest -->
