<?xml version="1.0" encoding="UTF-8"?>
<!-- Generated by org.testng.reporters.JUnitReportReporter -->
<testsuite hostname="DESKTOP-FTHOGM6" failures="0" tests="3" name="testcase.LoginTests" time="106.156" errors="0" timestamp="2023-12-14T16:17:04 IST" skipped="0">
  <testcase classname="testcase.LoginTests" name="LoginTest" time="50.137"/>
  <system-out/>
  <testcase classname="testcase.LoginTests" name="LoginTest" time="49.506"/>
  <system-out/>
  <testcase classname="testcase.LoginTests" name="LoginTest" time="6.513"/>
  <system-out/>
</testsuite> <!-- testcase.LoginTests -->
