<?xml version="1.0" encoding="UTF-8"?>
<!-- Generated by org.testng.reporters.JUnitReportReporter -->
<testsuite hostname="DESKTOP-FTHOGM6" failures="0" tests="2" name="testcase.TrainingTest" time="24.773" errors="0" timestamp="2023-12-18T19:59:14 IST" skipped="0">
  <testcase classname="testcase.TrainingTest" name="traning_test_nodata" time="14.132"/>
  <system-out/>
  <testcase classname="testcase.TrainingTest" name="traning_test" time="10.641"/>
  <system-out/>
</testsuite> <!-- testcase.TrainingTest -->
