<?xml version="1.0" encoding="UTF-8"?>
<!-- Generated by org.testng.reporters.JUnitReportReporter -->
<testsuite hostname="DESKTOP-FTHOGM6" failures="0" tests="1" name="testcase.FileManagerTest" time="27.539" errors="0" timestamp="2023-12-26T22:36:41 IST" skipped="0">
  <testcase classname="testcase.FileManagerTest" name="SavingDataByUploadingFile" time="27.539"/>
  <system-out/>
</testsuite> <!-- testcase.FileManagerTest -->
